# JRE version: Java(TM) SE Runtime Environment (18.0+36) (build 18+36-2087)
# Java VM: Java HotSpot(TM) 64-Bit Server VM (18+36-2087, mixed mode, sharing, tiered, compressed oops, compressed class ptrs, g1 gc, bsd-aarch64)
GC Precious Log:
 CardTable entry size: 512
 Card Set container configuration: InlinePtr #cards 5 size 8 Array Of Cards #cards 12 size 40 Howl #buckets 4 coarsen threshold 1843 Howl Bitmap #cards 512 size 80 coarsen threshold 460 Card regions per heap region 1 cards per card region 2048
 CPUs: 8 total, 8 available
 Memory: 16384M
 Large Page Support: Disabled
 NUMA Support: Disabled
 Compressed Oops: Enabled (Zero based)
 Heap Region Size: 1M
 Heap Min Capacity: 256M
 Heap Initial Capacity: 256M
 Heap Max Capacity: 512M
 Pre-touch: Disabled
 Parallel Workers: 8
 Concurrent Workers: 2
 Concurrent Refinement Workers: 8
 Periodic GC: Disabled
Heap:
 garbage-first heap   total 262144K, used 136266K [0x00000007e0000000, 0x0000000800000000)
  region size 1024K, 89 young (91136K), 4 survivors (4096K)
 Metaspace       used 67644K, committed 69632K, reserved 380928K
  class space    used 9262K, committed 10304K, reserved 315392K
GC Heap History (20 events):
Event: 4.619 GC heap before
{Heap before GC invocations=9 (full 0):
 garbage-first heap   total 262144K, used 96882K [0x00000007e0000000, 0x0000000800000000)
  region size 1024K, 68 young (69632K), 13 survivors (13312K)
 Metaspace       used 59189K, committed 61120K, reserved 380928K
  class space    used 8576K, committed 9600K, reserved 315392K
}
Event: 4.632 GC heap after
{Heap after GC invocations=10 (full 0):
 garbage-first heap   total 262144K, used 49383K [0x00000007e0000000, 0x0000000800000000)
  region size 1024K, 7 young (7168K), 7 survivors (7168K)
 Metaspace       used 59189K, committed 61120K, reserved 380928K
  class space    used 8576K, committed 9600K, reserved 315392K
}
Event: 715.620 GC heap before
{Heap before GC invocations=11 (full 0):
 garbage-first heap   total 262144K, used 191719K [0x00000007e0000000, 0x0000000800000000)
  region size 1024K, 147 young (150528K), 7 survivors (7168K)
 Metaspace       used 65275K, committed 67200K, reserved 380928K
  class space    used 9212K, committed 10176K, reserved 315392K
}
Event: 715.627 GC heap after
{Heap after GC invocations=12 (full 0):
 garbage-first heap   total 262144K, used 51047K [0x00000007e0000000, 0x0000000800000000)
  region size 1024K, 9 young (9216K), 9 survivors (9216K)
 Metaspace       used 65275K, committed 67200K, reserved 380928K
  class space    used 9212K, committed 10176K, reserved 315392K
}
Event: 1324.804 GC heap before
{Heap before GC invocations=12 (full 0):
 garbage-first heap   total 262144K, used 197479K [0x00000007e0000000, 0x0000000800000000)
  region size 1024K, 153 young (156672K), 9 survivors (9216K)
 Metaspace       used 66455K, committed 68352K, reserved 380928K
  class space    used 9216K, committed 10176K, reserved 315392K
}
Event: 1324.815 GC heap after
{Heap after GC invocations=13 (full 0):
 garbage-first heap   total 262144K, used 55107K [0x00000007e0000000, 0x0000000800000000)
  region size 1024K, 13 young (13312K), 13 survivors (13312K)
 Metaspace       used 66455K, committed 68352K, reserved 380928K
  class space    used 9216K, committed 10176K, reserved 315392K
}
Event: 1665.581 GC heap before
{Heap before GC invocations=13 (full 0):
 garbage-first heap   total 262144K, used 197443K [0x00000007e0000000, 0x0000000800000000)
  region size 1024K, 153 young (156672K), 13 survivors (13312K)
 Metaspace       used 67247K, committed 69248K, reserved 380928K
  class space    used 9237K, committed 10240K, reserved 315392K
}
Event: 1665.592 GC heap after
{Heap after GC invocations=14 (full 0):
 garbage-first heap   total 262144K, used 57503K [0x00000007e0000000, 0x0000000800000000)
  region size 1024K, 11 young (11264K), 11 survivors (11264K)
 Metaspace       used 67247K, committed 69248K, reserved 380928K
  class space    used 9237K, committed 10240K, reserved 315392K
}
Event: 7938.498 GC heap before
{Heap before GC invocations=14 (full 0):
 garbage-first heap   total 262144K, used 201887K [0x00000007e0000000, 0x0000000800000000)
  region size 1024K, 153 young (156672K), 11 survivors (11264K)
 Metaspace       used 67630K, committed 69632K, reserved 380928K
  class space    used 9260K, committed 10304K, reserved 315392K
}
Event: 7938.520 GC heap after
{Heap after GC invocations=15 (full 0):
 garbage-first heap   total 262144K, used 51496K [0x00000007e0000000, 0x0000000800000000)
  region size 1024K, 5 young (5120K), 5 survivors (5120K)
 Metaspace       used 67630K, committed 69632K, reserved 380928K
  class space    used 9260K, committed 10304K, reserved 315392K
}
Event: 17520.006 GC heap before
{Heap before GC invocations=15 (full 0):
 garbage-first heap   total 262144K, used 203048K [0x00000007e0000000, 0x0000000800000000)
  region size 1024K, 153 young (156672K), 5 survivors (5120K)
 Metaspace       used 67639K, committed 69632K, reserved 380928K
  class space    used 9260K, committed 10304K, reserved 315392K
}
Event: 17520.018 GC heap after
{Heap after GC invocations=16 (full 0):
 garbage-first heap   total 262144K, used 50288K [0x00000007e0000000, 0x0000000800000000)
  region size 1024K, 4 young (4096K), 4 survivors (4096K)
 Metaspace       used 67639K, committed 69632K, reserved 380928K
  class space    used 9260K, committed 10304K, reserved 315392K
}
Event: 27132.491 GC heap before
{Heap before GC invocations=16 (full 0):
 garbage-first heap   total 262144K, used 202864K [0x00000007e0000000, 0x0000000800000000)
  region size 1024K, 153 young (156672K), 4 survivors (4096K)
 Metaspace       used 67639K, committed 69632K, reserved 380928K
  class space    used 9260K, committed 10304K, reserved 315392K
}
Event: 27132.507 GC heap after
{Heap after GC invocations=17 (full 0):
 garbage-first heap   total 262144K, used 50472K [0x00000007e0000000, 0x0000000800000000)
  region size 1024K, 4 young (4096K), 4 survivors (4096K)
 Metaspace       used 67639K, committed 69632K, reserved 380928K
  class space    used 9260K, committed 10304K, reserved 315392K
}
Event: 36744.432 GC heap before
{Heap before GC invocations=17 (full 0):
 garbage-first heap   total 262144K, used 203048K [0x00000007e0000000, 0x0000000800000000)
  region size 1024K, 153 young (156672K), 4 survivors (4096K)
 Metaspace       used 67641K, committed 69632K, reserved 380928K
  class space    used 9261K, committed 10304K, reserved 315392K
}
Event: 36744.458 GC heap after
{Heap after GC invocations=18 (full 0):
 garbage-first heap   total 262144K, used 50276K [0x00000007e0000000, 0x0000000800000000)
  region size 1024K, 4 young (4096K), 4 survivors (4096K)
 Metaspace       used 67641K, committed 69632K, reserved 380928K
  class space    used 9261K, committed 10304K, reserved 315392K
}
Event: 46430.611 GC heap before
{Heap before GC invocations=18 (full 0):
 garbage-first heap   total 262144K, used 202852K [0x00000007e0000000, 0x0000000800000000)
  region size 1024K, 153 young (156672K), 4 survivors (4096K)
 Metaspace       used 67641K, committed 69632K, reserved 380928K
  class space    used 9261K, committed 10304K, reserved 315392K
}
Event: 46430.637 GC heap after
{Heap after GC invocations=19 (full 0):
 garbage-first heap   total 262144K, used 50407K [0x00000007e0000000, 0x0000000800000000)
  region size 1024K, 4 young (4096K), 4 survivors (4096K)
 Metaspace       used 67641K, committed 69632K, reserved 380928K
  class space    used 9261K, committed 10304K, reserved 315392K
}
Event: 56121.498 GC heap before
{Heap before GC invocations=19 (full 0):
 garbage-first heap   total 262144K, used 202983K [0x00000007e0000000, 0x0000000800000000)
  region size 1024K, 153 young (156672K), 4 survivors (4096K)
 Metaspace       used 67641K, committed 69632K, reserved 380928K
  class space    used 9261K, committed 10304K, reserved 315392K
}
Event: 56121.512 GC heap after
{Heap after GC invocations=20 (full 0):
 garbage-first heap   total 262144K, used 50250K [0x00000007e0000000, 0x0000000800000000)
  region size 1024K, 4 young (4096K), 4 survivors (4096K)
 Metaspace       used 67641K, committed 69632K, reserved 380928K
  class space    used 9261K, committed 10304K, reserved 315392K
}

