# JRE version: Java(TM) SE Runtime Environment (18.0+36) (build 18+36-2087)
# Java VM: Java HotSpot(TM) 64-Bit Server VM (18+36-2087, mixed mode, sharing, tiered, compressed oops, compressed class ptrs, g1 gc, bsd-aarch64)
GC Precious Log:
 CardTable entry size: 512
 Card Set container configuration: InlinePtr #cards 5 size 8 Array Of Cards #cards 12 size 40 Howl #buckets 4 coarsen threshold 1843 Howl Bitmap #cards 512 size 80 coarsen threshold 460 Card regions per heap region 1 cards per card region 2048
 CPUs: 8 total, 8 available
 Memory: 16384M
 Large Page Support: Disabled
 NUMA Support: Disabled
 Compressed Oops: Enabled (Zero based)
 Heap Region Size: 1M
 Heap Min Capacity: 8M
 Heap Initial Capacity: 256M
 Heap Max Capacity: 2G
 Pre-touch: Disabled
 Parallel Workers: 8
 Concurrent Workers: 2
 Concurrent Refinement Workers: 8
 Periodic GC: Disabled
Heap:
 garbage-first heap   total 350208K, used 299783K [0x0000000780000000, 0x0000000800000000)
  region size 1024K, 184 young (188416K), 1 survivors (1024K)
 Metaspace       used 76735K, committed 82432K, reserved 552960K
  class space    used 10650K, committed 12544K, reserved 421888K
GC Heap History (20 events):
Event: 4019.688 GC heap before
{Heap before GC invocations=27 (full 0):
 garbage-first heap   total 350208K, used 238262K [0x0000000780000000, 0x0000000800000000)
  region size 1024K, 123 young (125952K), 1 survivors (1024K)
 Metaspace       used 80124K, committed 82432K, reserved 552960K
  class space    used 11383K, committed 12544K, reserved 421888K
}
Event: 4019.746 GC heap after
{Heap after GC invocations=28 (full 0):
 garbage-first heap   total 350208K, used 119945K [0x0000000780000000, 0x0000000800000000)
  region size 1024K, 6 young (6144K), 6 survivors (6144K)
 Metaspace       used 80124K, committed 82432K, reserved 552960K
  class space    used 11383K, committed 12544K, reserved 421888K
}
Event: 11081.523 GC heap before
{Heap before GC invocations=28 (full 0):
 garbage-first heap   total 350208K, used 255113K [0x0000000780000000, 0x0000000800000000)
  region size 1024K, 138 young (141312K), 6 survivors (6144K)
 Metaspace       used 80141K, committed 82432K, reserved 552960K
  class space    used 11383K, committed 12544K, reserved 421888K
}
Event: 11081.544 GC heap after
{Heap after GC invocations=29 (full 0):
 garbage-first heap   total 350208K, used 119586K [0x0000000780000000, 0x0000000800000000)
  region size 1024K, 6 young (6144K), 6 survivors (6144K)
 Metaspace       used 80141K, committed 82432K, reserved 552960K
  class space    used 11383K, committed 12544K, reserved 421888K
}
Event: 18920.792 GC heap before
{Heap before GC invocations=29 (full 0):
 garbage-first heap   total 350208K, used 268066K [0x0000000780000000, 0x0000000800000000)
  region size 1024K, 152 young (155648K), 6 survivors (6144K)
 Metaspace       used 80151K, committed 82432K, reserved 552960K
  class space    used 11383K, committed 12544K, reserved 421888K
}
Event: 18920.813 GC heap after
{Heap after GC invocations=30 (full 0):
 garbage-first heap   total 350208K, used 119510K [0x0000000780000000, 0x0000000800000000)
  region size 1024K, 6 young (6144K), 6 survivors (6144K)
 Metaspace       used 80151K, committed 82432K, reserved 552960K
  class space    used 11383K, committed 12544K, reserved 421888K
}
Event: 27270.792 GC heap before
{Heap before GC invocations=31 (full 0):
 garbage-first heap   total 350208K, used 279254K [0x0000000780000000, 0x0000000800000000)
  region size 1024K, 162 young (165888K), 6 survivors (6144K)
 Metaspace       used 76863K, committed 82432K, reserved 552960K
  class space    used 10678K, committed 12544K, reserved 421888K
}
Event: 27270.831 GC heap after
{Heap after GC invocations=32 (full 0):
 garbage-first heap   total 350208K, used 119278K [0x0000000780000000, 0x0000000800000000)
  region size 1024K, 6 young (6144K), 6 survivors (6144K)
 Metaspace       used 76863K, committed 82432K, reserved 552960K
  class space    used 10678K, committed 12544K, reserved 421888K
}
Event: 27791.522 GC heap before
{Heap before GC invocations=32 (full 0):
 garbage-first heap   total 350208K, used 130542K [0x0000000780000000, 0x0000000800000000)
  region size 1024K, 17 young (17408K), 6 survivors (6144K)
 Metaspace       used 76863K, committed 82432K, reserved 552960K
  class space    used 10678K, committed 12544K, reserved 421888K
}
Event: 27791.543 GC heap after
{Heap after GC invocations=33 (full 0):
 garbage-first heap   total 350208K, used 116918K [0x0000000780000000, 0x0000000800000000)
  region size 1024K, 1 young (1024K), 1 survivors (1024K)
 Metaspace       used 76863K, committed 82432K, reserved 552960K
  class space    used 10678K, committed 12544K, reserved 421888K
}
Event: 36640.794 GC heap before
{Heap before GC invocations=33 (full 0):
 garbage-first heap   total 350208K, used 285878K [0x0000000780000000, 0x0000000800000000)
  region size 1024K, 167 young (171008K), 1 survivors (1024K)
 Metaspace       used 76865K, committed 82432K, reserved 552960K
  class space    used 10679K, committed 12544K, reserved 421888K
}
Event: 36640.803 GC heap after
{Heap after GC invocations=34 (full 0):
 garbage-first heap   total 350208K, used 116110K [0x0000000780000000, 0x0000000800000000)
  region size 1024K, 1 young (1024K), 1 survivors (1024K)
 Metaspace       used 76865K, committed 82432K, reserved 552960K
  class space    used 10679K, committed 12544K, reserved 421888K
}
Event: 45876.688 GC heap before
{Heap before GC invocations=34 (full 0):
 garbage-first heap   total 350208K, used 291214K [0x0000000780000000, 0x0000000800000000)
  region size 1024K, 172 young (176128K), 1 survivors (1024K)
 Metaspace       used 76865K, committed 82432K, reserved 552960K
  class space    used 10679K, committed 12544K, reserved 421888K
}
Event: 45876.699 GC heap after
{Heap after GC invocations=35 (full 0):
 garbage-first heap   total 350208K, used 115998K [0x0000000780000000, 0x0000000800000000)
  region size 1024K, 1 young (1024K), 1 survivors (1024K)
 Metaspace       used 76865K, committed 82432K, reserved 552960K
  class space    used 10679K, committed 12544K, reserved 421888K
}
Event: 55317.791 GC heap before
{Heap before GC invocations=36 (full 0):
 garbage-first heap   total 350208K, used 295198K [0x0000000780000000, 0x0000000800000000)
  region size 1024K, 176 young (180224K), 1 survivors (1024K)
 Metaspace       used 76734K, committed 82432K, reserved 552960K
  class space    used 10649K, committed 12544K, reserved 421888K
}
Event: 55317.805 GC heap after
{Heap after GC invocations=37 (full 0):
 garbage-first heap   total 350208K, used 115974K [0x0000000780000000, 0x0000000800000000)
  region size 1024K, 1 young (1024K), 1 survivors (1024K)
 Metaspace       used 76734K, committed 82432K, reserved 552960K
  class space    used 10649K, committed 12544K, reserved 421888K
}
Event: 56147.686 GC heap before
{Heap before GC invocations=37 (full 0):
 garbage-first heap   total 350208K, used 132358K [0x0000000780000000, 0x0000000800000000)
  region size 1024K, 17 young (17408K), 1 survivors (1024K)
 Metaspace       used 76734K, committed 82432K, reserved 552960K
  class space    used 10649K, committed 12544K, reserved 421888K
}
Event: 56147.702 GC heap after
{Heap after GC invocations=38 (full 0):
 garbage-first heap   total 350208K, used 113421K [0x0000000780000000, 0x0000000800000000)
  region size 1024K, 1 young (1024K), 1 survivors (1024K)
 Metaspace       used 76734K, committed 82432K, reserved 552960K
  class space    used 10649K, committed 12544K, reserved 421888K
}
Event: 65715.684 GC heap before
{Heap before GC invocations=38 (full 0):
 garbage-first heap   total 350208K, used 297741K [0x0000000780000000, 0x0000000800000000)
  region size 1024K, 181 young (185344K), 1 survivors (1024K)
 Metaspace       used 76734K, committed 82432K, reserved 552960K
  class space    used 10649K, committed 12544K, reserved 421888K
}
Event: 65715.694 GC heap after
{Heap after GC invocations=39 (full 0):
 garbage-first heap   total 350208K, used 113415K [0x0000000780000000, 0x0000000800000000)
  region size 1024K, 1 young (1024K), 1 survivors (1024K)
 Metaspace       used 76734K, committed 82432K, reserved 552960K
  class space    used 10649K, committed 12544K, reserved 421888K
}

