# JRE version: Java(TM) SE Runtime Environment (18.0+36) (build 18+36-2087)
# Java VM: Java HotSpot(TM) 64-Bit Server VM (18+36-2087, mixed mode, sharing, tiered, compressed oops, compressed class ptrs, g1 gc, bsd-aarch64)
GC Precious Log:
 CardTable entry size: 512
 Card Set container configuration: InlinePtr #cards 5 size 8 Array Of Cards #cards 12 size 40 Howl #buckets 4 coarsen threshold 1843 Howl Bitmap #cards 512 size 80 coarsen threshold 460 Card regions per heap region 1 cards per card region 2048
 CPUs: 8 total, 8 available
 Memory: 16384M
 Large Page Support: Disabled
 NUMA Support: Disabled
 Compressed Oops: Enabled (Zero based)
 Heap Region Size: 1M
 Heap Min Capacity: 256M
 Heap Initial Capacity: 256M
 Heap Max Capacity: 512M
 Pre-touch: Disabled
 Parallel Workers: 8
 Concurrent Workers: 2
 Concurrent Refinement Workers: 8
 Periodic GC: Disabled
Heap:
 garbage-first heap   total 262144K, used 105090K [0x00000007e0000000, 0x0000000800000000)
  region size 1024K, 55 young (56320K), 10 survivors (10240K)
 Metaspace       used 68446K, committed 70400K, reserved 380928K
  class space    used 9224K, committed 10240K, reserved 315392K
GC Heap History (20 events):
Event: 0.358 GC heap before
{Heap before GC invocations=1 (full 0):
 garbage-first heap   total 264192K, used 48017K [0x00000007e0000000, 0x0000000800000000)
  region size 1024K, 38 young (38912K), 3 survivors (3072K)
 Metaspace       used 5330K, committed 5568K, reserved 380928K
  class space    used 715K, committed 832K, reserved 315392K
}
Event: 0.360 GC heap after
{Heap after GC invocations=2 (full 0):
 garbage-first heap   total 264192K, used 16492K [0x00000007e0000000, 0x0000000800000000)
  region size 1024K, 5 young (5120K), 5 survivors (5120K)
 Metaspace       used 5330K, committed 5568K, reserved 380928K
  class space    used 715K, committed 832K, reserved 315392K
}
Event: 0.962 GC heap before
{Heap before GC invocations=2 (full 0):
 garbage-first heap   total 264192K, used 110700K [0x00000007e0000000, 0x0000000800000000)
  region size 1024K, 98 young (100352K), 5 survivors (5120K)
 Metaspace       used 20829K, committed 21504K, reserved 380928K
  class space    used 3079K, committed 3456K, reserved 315392K
}
Event: 0.966 GC heap after
{Heap after GC invocations=3 (full 0):
 garbage-first heap   total 264192K, used 23137K [0x00000007e0000000, 0x0000000800000000)
  region size 1024K, 12 young (12288K), 12 survivors (12288K)
 Metaspace       used 20829K, committed 21504K, reserved 380928K
  class space    used 3079K, committed 3456K, reserved 315392K
}
Event: 1.479 GC heap before
{Heap before GC invocations=4 (full 0):
 garbage-first heap   total 262144K, used 134753K [0x00000007e0000000, 0x0000000800000000)
  region size 1024K, 118 young (120832K), 12 survivors (12288K)
 Metaspace       used 35060K, committed 36288K, reserved 380928K
  class space    used 4900K, committed 5568K, reserved 315392K
}
Event: 1.485 GC heap after
{Heap after GC invocations=5 (full 0):
 garbage-first heap   total 262144K, used 32123K [0x00000007e0000000, 0x0000000800000000)
  region size 1024K, 16 young (16384K), 16 survivors (16384K)
 Metaspace       used 35060K, committed 36288K, reserved 380928K
  class space    used 4900K, committed 5568K, reserved 315392K
}
Event: 2.096 GC heap before
{Heap before GC invocations=6 (full 0):
 garbage-first heap   total 262144K, used 173435K [0x00000007e0000000, 0x0000000800000000)
  region size 1024K, 153 young (156672K), 16 survivors (16384K)
 Metaspace       used 47378K, committed 49152K, reserved 380928K
  class space    used 6858K, committed 7808K, reserved 315392K
}
Event: 2.108 GC heap after
{Heap after GC invocations=7 (full 0):
 garbage-first heap   total 262144K, used 42355K [0x00000007e0000000, 0x0000000800000000)
  region size 1024K, 20 young (20480K), 20 survivors (20480K)
 Metaspace       used 47378K, committed 49152K, reserved 380928K
  class space    used 6858K, committed 7808K, reserved 315392K
}
Event: 116.359 GC heap before
{Heap before GC invocations=7 (full 0):
 garbage-first heap   total 262144K, used 132467K [0x00000007e0000000, 0x0000000800000000)
  region size 1024K, 110 young (112640K), 20 survivors (20480K)
 Metaspace       used 58821K, committed 60736K, reserved 380928K
  class space    used 8561K, committed 9536K, reserved 315392K
}
Event: 116.374 GC heap after
{Heap after GC invocations=8 (full 0):
 garbage-first heap   total 262144K, used 51916K [0x00000007e0000000, 0x0000000800000000)
  region size 1024K, 10 young (10240K), 10 survivors (10240K)
 Metaspace       used 58821K, committed 60736K, reserved 380928K
  class space    used 8561K, committed 9536K, reserved 315392K
}
Event: 430.874 GC heap before
{Heap before GC invocations=9 (full 0):
 garbage-first heap   total 262144K, used 193228K [0x00000007e0000000, 0x0000000800000000)
  region size 1024K, 149 young (152576K), 10 survivors (10240K)
 Metaspace       used 65596K, committed 67584K, reserved 380928K
  class space    used 9204K, committed 10240K, reserved 315392K
}
Event: 430.885 GC heap after
{Heap after GC invocations=10 (full 0):
 garbage-first heap   total 262144K, used 58943K [0x00000007e0000000, 0x0000000800000000)
  region size 1024K, 17 young (17408K), 17 survivors (17408K)
 Metaspace       used 65596K, committed 67584K, reserved 380928K
  class space    used 9204K, committed 10240K, reserved 315392K
}
Event: 520.863 GC heap before
{Heap before GC invocations=10 (full 0):
 garbage-first heap   total 262144K, used 197183K [0x00000007e0000000, 0x0000000800000000)
  region size 1024K, 153 young (156672K), 17 survivors (17408K)
 Metaspace       used 66583K, committed 68544K, reserved 380928K
  class space    used 9208K, committed 10240K, reserved 315392K
}
Event: 520.871 GC heap after
{Heap after GC invocations=11 (full 0):
 garbage-first heap   total 262144K, used 59954K [0x00000007e0000000, 0x0000000800000000)
  region size 1024K, 12 young (12288K), 12 survivors (12288K)
 Metaspace       used 66583K, committed 68544K, reserved 380928K
  class space    used 9208K, committed 10240K, reserved 315392K
}
Event: 789.622 GC heap before
{Heap before GC invocations=11 (full 0):
 garbage-first heap   total 262144K, used 198194K [0x00000007e0000000, 0x0000000800000000)
  region size 1024K, 148 young (151552K), 12 survivors (12288K)
 Metaspace       used 67232K, committed 69248K, reserved 380928K
  class space    used 9213K, committed 10240K, reserved 315392K
}
Event: 789.629 GC heap after
{Heap after GC invocations=12 (full 0):
 garbage-first heap   total 262144K, used 59254K [0x00000007e0000000, 0x0000000800000000)
  region size 1024K, 9 young (9216K), 9 survivors (9216K)
 Metaspace       used 67232K, committed 69248K, reserved 380928K
  class space    used 9213K, committed 10240K, reserved 315392K
}
Event: 988.705 GC heap before
{Heap before GC invocations=12 (full 0):
 garbage-first heap   total 262144K, used 200566K [0x00000007e0000000, 0x0000000800000000)
  region size 1024K, 148 young (151552K), 9 survivors (9216K)
 Metaspace       used 67737K, committed 69760K, reserved 380928K
  class space    used 9216K, committed 10240K, reserved 315392K
}
Event: 988.710 GC heap after
{Heap after GC invocations=13 (full 0):
 garbage-first heap   total 262144K, used 59237K [0x00000007e0000000, 0x0000000800000000)
  region size 1024K, 9 young (9216K), 9 survivors (9216K)
 Metaspace       used 67737K, committed 69760K, reserved 380928K
  class space    used 9216K, committed 10240K, reserved 315392K
}
Event: 1160.487 GC heap before
{Heap before GC invocations=13 (full 0):
 garbage-first heap   total 262144K, used 201573K [0x00000007e0000000, 0x0000000800000000)
  region size 1024K, 149 young (152576K), 9 survivors (9216K)
 Metaspace       used 68260K, committed 70208K, reserved 380928K
  class space    used 9223K, committed 10240K, reserved 315392K
}
Event: 1160.492 GC heap after
{Heap after GC invocations=14 (full 0):
 garbage-first heap   total 262144K, used 60034K [0x00000007e0000000, 0x0000000800000000)
  region size 1024K, 10 young (10240K), 10 survivors (10240K)
 Metaspace       used 68260K, committed 70208K, reserved 380928K
  class space    used 9223K, committed 10240K, reserved 315392K
}

